#
# There is insufficient memory for the Java Runtime Environment to continue.
# Native memory allocation (malloc) failed to allocate 1048576 bytes for AllocateHeap
# Possible reasons:
#   The system is out of physical RAM or swap space
#   The process is running with CompressedOops enabled, and the Java Heap may be blocking the growth of the native heap
# Possible solutions:
#   Reduce memory load on the system
#   Increase physical memory or swap space
#   Check if swap backing store is full
#   Decrease Java heap size (-Xmx/-Xms)
#   Decrease number of Java threads
#   Decrease Java thread stack sizes (-Xss)
#   Set larger code cache with -XX:ReservedCodeCacheSize=
#   JVM is running with Unscaled Compressed Oops mode in which the Java heap is
#     placed in the first 4GB address space. The Java Heap base address is the
#     maximum limit for the native heap growth. Please use -XX:HeapBaseMinAddress
#     to set the Java Heap base and to place the Java Heap above 4GB virtual address.
# This output file may be truncated or incomplete.
#
#  Out of Memory Error (allocation.cpp:44), pid=1260, tid=7908
#
# JRE version:  (16.0.2+7) (build )
# Java VM: Java HotSpot(TM) 64-Bit Server VM (16.0.2+7-67, mixed mode, sharing, tiered, compressed oops, compressed class ptrs, g1 gc, windows-amd64)
# No core dump will be written. Minidumps are not enabled by default on client versions of Windows
#

---------------  S U M M A R Y ------------

Command Line: -Dfile.encoding=UTF-8 -XX:+ShowCodeDetailsInExceptionMessages HumanResource

Host: Intel(R) Core(TM) i5-10210U CPU @ 1.60GHz, 8 cores, 3G,  Windows 10 , 64 bit Build 19041 (10.0.19041.1202)
Time: Mon Nov  8 12:36:45 2021 SE Asia Standard Time elapsed time: 0.013262 seconds (0d 0h 0m 0s)

---------------  T H R E A D  ---------------

Current thread (0x0000019b612d9380):  JavaThread "Unknown thread" [_thread_in_vm, id=7908, stack(0x0000008c9ba00000,0x0000008c9bb00000)]

Stack: [0x0000008c9ba00000,0x0000008c9bb00000]
Native frames: (J=compiled Java code, j=interpreted, Vv=VM code, C=native code)
V  [jvm.dll+0x6681ca]
V  [jvm.dll+0x7c9e69]
V  [jvm.dll+0x7cb61e]
V  [jvm.dll+0x7cbc73]
V  [jvm.dll+0x242c55]
V  [jvm.dll+0xa8732]
V  [jvm.dll+0x2ce354]
V  [jvm.dll+0x79c70c]
V  [jvm.dll+0x360791]
V  [jvm.dll+0x77a3f0]
V  [jvm.dll+0x3e4e8f]
V  [jvm.dll+0x3e6961]
C  [jli.dll+0x52fb]
C  [ucrtbase.dll+0x21bb2]
C  [KERNEL32.DLL+0x17034]
C  [ntdll.dll+0x52651]


---------------  P R O C E S S  ---------------

Threads class SMR info:
_java_thread_list=0x00007ffb2b70cbb8, length=0, elements={
}

Java Threads: ( => current thread )

Other Threads:

=>0x0000019b612d9380 (exited) JavaThread "Unknown thread" [_thread_in_vm, id=7908, stack(0x0000008c9ba00000,0x0000008c9bb00000)]

Threads with active compile tasks:

VM state: not at safepoint (not fully initialized)

VM Mutex/Monitor currently owned by a thread: None

Heap address: 0x0000000000000000, size: 0 MB, Compressed Oops mode: 32-bit

CDS archive(s) mapped at: [0x0000000000000000-0x0000000000000000-0x0000000000000000), size 0, SharedBaseAddress: 0x0000000800000000, ArchiveRelocationMode: 0.
Narrow klass base: 0x0000000000000000, Narrow klass shift: 0, Narrow klass range: 0x0

GC Precious Log:
<Empty>

GC Heap History (0 events):
No events

Deoptimization events (0 events):
No events

Classes unloaded (0 events):
No events

Classes redefined (0 events):
No events

Internal exceptions (0 events):
No events

Events (1 events):
Event: 0.007 Loaded shared library C:\Program Files\Java\jdk-16.0.2\bin\java.dll


Dynamic libraries:
0x00007ff786090000 - 0x00007ff7860a0000 	C:\Program Files\Java\jdk-16.0.2\bin\javaw.exe
0x00007ffb75470000 - 0x00007ffb75665000 	C:\WINDOWS\SYSTEM32\ntdll.dll
0x00007ffb742c0000 - 0x00007ffb7437e000 	C:\WINDOWS\System32\KERNEL32.DLL
0x00007ffb72ff0000 - 0x00007ffb732b9000 	C:\WINDOWS\System32\KERNELBASE.dll
0x00007ffb72ec0000 - 0x00007ffb72fc0000 	C:\WINDOWS\System32\ucrtbase.dll
0x00007ffb6c710000 - 0x00007ffb6c728000 	C:\Program Files\Java\jdk-16.0.2\bin\jli.dll
0x00007ffb699a0000 - 0x00007ffb699b9000 	C:\Program Files\Java\jdk-16.0.2\bin\VCRUNTIME140.dll
0x00007ffb74030000 - 0x00007ffb740dc000 	C:\WINDOWS\System32\ADVAPI32.dll
0x00007ffb73eb0000 - 0x00007ffb73f4e000 	C:\WINDOWS\System32\msvcrt.dll
0x00007ffb74830000 - 0x00007ffb748cb000 	C:\WINDOWS\System32\sechost.dll
0x00007ffb74a00000 - 0x00007ffb74b2a000 	C:\WINDOWS\System32\RPCRT4.dll
0x00007ffb74c30000 - 0x00007ffb74dd1000 	C:\WINDOWS\System32\USER32.dll
0x00007ffb71f30000 - 0x00007ffb721ca000 	C:\WINDOWS\WinSxS\amd64_microsoft.windows.common-controls_6595b64144ccf1df_6.0.19041.1110_none_60b5254171f9507e\COMCTL32.dll
0x00007ffb72d20000 - 0x00007ffb72d42000 	C:\WINDOWS\System32\win32u.dll
0x00007ffb74290000 - 0x00007ffb742bb000 	C:\WINDOWS\System32\GDI32.dll
0x00007ffb72db0000 - 0x00007ffb72ebb000 	C:\WINDOWS\System32\gdi32full.dll
0x00007ffb73420000 - 0x00007ffb734bd000 	C:\WINDOWS\System32\msvcp_win.dll
0x00007ffb67550000 - 0x00007ffb6755a000 	C:\WINDOWS\SYSTEM32\VERSION.dll
0x00007ffb74380000 - 0x00007ffb743b0000 	C:\WINDOWS\System32\IMM32.DLL
0x00007ffb69920000 - 0x00007ffb6992c000 	C:\Program Files\Java\jdk-16.0.2\bin\vcruntime140_1.dll
0x00007ffb67e70000 - 0x00007ffb67f01000 	C:\Program Files\Java\jdk-16.0.2\bin\msvcp140.dll
0x00007ffb2ac00000 - 0x00007ffb2b7ab000 	C:\Program Files\Java\jdk-16.0.2\bin\server\jvm.dll
0x00007ffb73d80000 - 0x00007ffb73d88000 	C:\WINDOWS\System32\PSAPI.DLL
0x00007ffb64e30000 - 0x00007ffb64e57000 	C:\WINDOWS\SYSTEM32\WINMM.dll
0x00007ffb69910000 - 0x00007ffb69919000 	C:\WINDOWS\SYSTEM32\WSOCK32.dll
0x00007ffb75360000 - 0x00007ffb753cb000 	C:\WINDOWS\System32\WS2_32.dll
0x00007ffb70dc0000 - 0x00007ffb70dd2000 	C:\WINDOWS\SYSTEM32\kernel.appcore.dll
0x00007ffb69900000 - 0x00007ffb6990a000 	C:\Program Files\Java\jdk-16.0.2\bin\jimage.dll
0x00007ffb72510000 - 0x00007ffb726f4000 	C:\WINDOWS\SYSTEM32\DBGHELP.DLL
0x00007ffb72340000 - 0x00007ffb7236c000 	C:\WINDOWS\SYSTEM32\dbgcore.DLL
0x00007ffb72c90000 - 0x00007ffb72d13000 	C:\WINDOWS\System32\bcryptPrimitives.dll
0x00007ffb67e40000 - 0x00007ffb67e65000 	C:\Program Files\Java\jdk-16.0.2\bin\java.dll

dbghelp: loaded successfully - version: 4.0.5 - missing functions: none
symbol engine: initialized successfully - sym options: 0x614 - pdb path: .;C:\Program Files\Java\jdk-16.0.2\bin;C:\WINDOWS\SYSTEM32;C:\WINDOWS\WinSxS\amd64_microsoft.windows.common-controls_6595b64144ccf1df_6.0.19041.1110_none_60b5254171f9507e;C:\Program Files\Java\jdk-16.0.2\bin\server

VM Arguments:
jvm_args: -Dfile.encoding=UTF-8 -XX:+ShowCodeDetailsInExceptionMessages 
java_command: HumanResource
java_class_path (initial): C:\Users\admin\eclipse-workspace\Human Resources\bin
Launcher Type: SUN_STANDARD

[Global flags]
     intx CICompilerCount                          = 4                                         {product} {ergonomic}
     uint ConcGCThreads                            = 2                                         {product} {ergonomic}
     uint G1ConcRefinementThreads                  = 8                                         {product} {ergonomic}
   size_t G1HeapRegionSize                         = 1048576                                   {product} {ergonomic}
    uintx GCDrainStackTargetSize                   = 64                                        {product} {ergonomic}
   size_t InitialHeapSize                          = 65011712                                  {product} {ergonomic}
   size_t MarkStackSize                            = 4194304                                   {product} {ergonomic}
   size_t MaxHeapSize                              = 1029701632                                {product} {ergonomic}
   size_t MinHeapDeltaBytes                        = 1048576                                   {product} {ergonomic}
   size_t MinHeapSize                              = 8388608                                   {product} {ergonomic}
    uintx NonNMethodCodeHeapSize                   = 5839372                                {pd product} {ergonomic}
    uintx NonProfiledCodeHeapSize                  = 122909434                              {pd product} {ergonomic}
    uintx ProfiledCodeHeapSize                     = 122909434                              {pd product} {ergonomic}
    uintx ReservedCodeCacheSize                    = 251658240                              {pd product} {ergonomic}
     bool SegmentedCodeCache                       = true                                      {product} {ergonomic}
     bool ShowCodeDetailsInExceptionMessages       = true                                   {manageable} {command line}
   size_t SoftMaxHeapSize                          = 1029701632                             {manageable} {ergonomic}
     bool UseCompressedClassPointers               = true                           {product lp64_product} {ergonomic}
     bool UseCompressedOops                        = true                           {product lp64_product} {ergonomic}
     bool UseG1GC                                  = true                                      {product} {ergonomic}
     bool UseLargePagesIndividualAllocation        = false                                  {pd product} {ergonomic}

Logging:
Log output configuration:
 #0: stdout all=warning uptime,level,tags
 #1: stderr all=off uptime,level,tags

Environment Variables:
PATH=C:\Program Files\Common Files\Oracle\Java\javapath;C:\WINDOWS\system32;C:\WINDOWS;C:\WINDOWS\System32\Wbem;C:\WINDOWS\System32\WindowsPowerShell\v1.0\;C:\WINDOWS\System32\OpenSSH\;C:\Program Files (x86)\Intel\Intel(R) Management Engine Components\DAL;C:\Program Files\Intel\Intel(R) Management Engine Components\DAL;C:\Users\admin\AppData\Local\Microsoft\WindowsApps;;C:\Users\admin\AppData\Local\Programs\Microsoft VS Code\bin
USERNAME=admin
OS=Windows_NT
PROCESSOR_IDENTIFIER=Intel64 Family 6 Model 142 Stepping 12, GenuineIntel



---------------  S Y S T E M  ---------------

OS:
 Windows 10 , 64 bit Build 19041 (10.0.19041.1202)
OS uptime: 2 days 16:46 hours

CPU: total 8 (initial active 8) (4 cores per cpu, 2 threads per core) family 6 model 142 stepping 12 microcode 0xc6, cx8, cmov, fxsr, ht, mmx, 3dnowpref, sse, sse2, sse3, ssse3, sse4.1, sse4.2, popcnt, lzcnt, tsc, tscinvbit, avx, avx2, aes, erms, clmul, bmi1, bmi2, adx, fma, vzeroupper, clflush, clflushopt

Memory: 4k page, system-wide physical 3927M (255M free)
TotalPageFile size 16215M (AvailPageFile size 5M)
current process WorkingSet (physical memory assigned to process): 9M, peak: 9M
current process commit charge ("private bytes"): 14M, peak: 15M

vm_info: Java HotSpot(TM) 64-Bit Server VM (16.0.2+7-67) for windows-amd64 JRE (16.0.2+7-67), built on Jun  8 2021 23:24:19 by "mach5one" with MS VC++ 16.7 (VS2019)

END.
